  Checker.cpp
C:\Users\ahmadov_m\Desktop\CODE\FBES_1_23_7_ru\C++\Checker\Checker\Checker.cpp(9,15): warning C4244: 'argument': conversion from 'time_t' to 'unsigned int', possible loss of data
C:\Users\ahmadov_m\Desktop\CODE\FBES_1_23_7_ru\C++\Checker\Checker\Checker.cpp(102,13): error C2131: expression did not evaluate to a constant
C:\Users\ahmadov_m\Desktop\CODE\FBES_1_23_7_ru\C++\Checker\Checker\Checker.cpp(102,13): message : failure was caused by a read of a variable outside its lifetime
C:\Users\ahmadov_m\Desktop\CODE\FBES_1_23_7_ru\C++\Checker\Checker\Checker.cpp(102,13): message : see usage of 'height'
C:\Users\ahmadov_m\Desktop\CODE\FBES_1_23_7_ru\C++\Checker\Checker\Checker.cpp(102,21): error C2131: expression did not evaluate to a constant
C:\Users\ahmadov_m\Desktop\CODE\FBES_1_23_7_ru\C++\Checker\Checker\Checker.cpp(102,21): message : failure was caused by a read of a variable outside its lifetime
C:\Users\ahmadov_m\Desktop\CODE\FBES_1_23_7_ru\C++\Checker\Checker\Checker.cpp(102,21): message : see usage of 'width'
C:\Users\ahmadov_m\Desktop\CODE\FBES_1_23_7_ru\C++\Checker\Checker\Checker.cpp(108,23): error C3863: array type 'int [height][width]' is not assignable
C:\Users\ahmadov_m\Desktop\CODE\FBES_1_23_7_ru\C++\Checker\Checker\Checker.cpp(109,31): warning C4552: '<<': result of expression not used
C:\Users\ahmadov_m\Desktop\CODE\FBES_1_23_7_ru\C++\Checker\Checker\Checker.cpp(128,47): warning C4552: '<<': result of expression not used
C:\Users\ahmadov_m\Desktop\CODE\FBES_1_23_7_ru\C++\Checker\Checker\Checker.cpp(138,47): warning C4552: '<<': result of expression not used
C:\Users\ahmadov_m\Desktop\CODE\FBES_1_23_7_ru\C++\Checker\Checker\Checker.cpp(148,48): warning C4552: '<<': result of expression not used
C:\Users\ahmadov_m\Desktop\CODE\FBES_1_23_7_ru\C++\Checker\Checker\Checker.cpp(158,48): warning C4552: '<<': result of expression not used
C:\Users\ahmadov_m\Desktop\CODE\FBES_1_23_7_ru\C++\Checker\Checker\Checker.cpp(169,1): error C2036: 'int [height][width]': unknown size
