  Lambda & Functors.cpp
C:\Program Files\Microsoft Visual Studio\2022\Community\VC\Tools\MSVC\14.36.32532\include\__msvc_iter_core.hpp(140,93): error C2794: 'value_type': is not a member of any direct or indirect base class of 'std::indirectly_readable_traits<ItemColor>'
C:\Program Files\Microsoft Visual Studio\2022\Community\VC\Tools\MSVC\14.36.32532\include\xutility(851,23): message : see reference to alias template instantiation 'std::iter_value_t<ItemColor>' being compiled
C:\Program Files\Microsoft Visual Studio\2022\Community\VC\Tools\MSVC\14.36.32532\include\functional(2772,62): message : see reference to alias template instantiation 'std::_Iter_value_t<ItemColor>' being compiled
C:\Program Files\Microsoft Visual Studio\2022\Community\VC\Tools\MSVC\14.36.32532\include\xutility(851,23): error C2938: 'std::iter_value_t' : Failed to specialize alias template
C:\Users\ahmadov_m\Desktop\CODE\FBES_1_23_7_ru\С++ OOP\Lambda & Functors\Lambda & Functors\Lambda & Functors.cpp(131,7): error C2976: 'std::boyer_moore_searcher': too few template arguments
C:\Program Files\Microsoft Visual Studio\2022\Community\VC\Tools\MSVC\14.36.32532\include\functional(2773,1): message : see declaration of 'std::boyer_moore_searcher'
C:\Users\ahmadov_m\Desktop\CODE\FBES_1_23_7_ru\С++ OOP\Lambda & Functors\Lambda & Functors\Lambda & Functors.cpp(131,50): error C2955: 'std::boyer_moore_searcher': use of class template requires template argument list
C:\Program Files\Microsoft Visual Studio\2022\Community\VC\Tools\MSVC\14.36.32532\include\functional(2773,1): message : see declaration of 'std::boyer_moore_searcher'
C:\Users\ahmadov_m\Desktop\CODE\FBES_1_23_7_ru\С++ OOP\Lambda & Functors\Lambda & Functors\Lambda & Functors.cpp(132,30): error C3889: call to object of class type 'std::ranges::_Search_fn': no matching call operator found
C:\Program Files\Microsoft Visual Studio\2022\Community\VC\Tools\MSVC\14.36.32532\include\xutility(6444,45): message : could be 'std::ranges::subrange<_It1,_It1,std::sized_sentinel_for<_It1,_It1>?std::ranges::subrange_kind::sized:std::ranges::subrange_kind::unsized> std::ranges::_Search_fn::operator ()(_It1,_Se1,_It2,_Se2,_Pr,_Pj1,_Pj2) const'
C:\Users\ahmadov_m\Desktop\CODE\FBES_1_23_7_ru\С++ OOP\Lambda & Functors\Lambda & Functors\Lambda & Functors.cpp(132,30): message : 'std::ranges::subrange<_It1,_It1,std::sized_sentinel_for<_It1,_It1>?std::ranges::subrange_kind::sized:std::ranges::subrange_kind::unsized> std::ranges::_Search_fn::operator ()(_It1,_Se1,_It2,_Se2,_Pr,_Pj1,_Pj2) const': expects 7 arguments - 3 provided
C:\Program Files\Microsoft Visual Studio\2022\Community\VC\Tools\MSVC\14.36.32532\include\xutility(6469,57): message : or       'conditional<std::ranges::borrowed_range<_Rng>,std::ranges::subrange<unknown-type,unknown-type,std::sized_sentinel_for<unknown-type,unknown-type>?std::ranges::subrange_kind::sized:std::ranges::subrange_kind::unsized>,std::ranges::dangling>::type std::ranges::_Search_fn::operator ()(_Rng1 &&,_Rng2 &&,_Pr,_Pj1,_Pj2) const'
C:\Users\ahmadov_m\Desktop\CODE\FBES_1_23_7_ru\С++ OOP\Lambda & Functors\Lambda & Functors\Lambda & Functors.cpp(132,30): message : Failed to specialize function template 'conditional<std::ranges::borrowed_range<_Rng>,std::ranges::subrange<unknown-type,unknown-type,std::sized_sentinel_for<unknown-type,unknown-type>?std::ranges::subrange_kind::sized:std::ranges::subrange_kind::unsized>,std::ranges::dangling>::type std::ranges::_Search_fn::operator ()(_Rng1 &&,_Rng2 &&,_Pr,_Pj1,_Pj2) const'
C:\Users\ahmadov_m\Desktop\CODE\FBES_1_23_7_ru\С++ OOP\Lambda & Functors\Lambda & Functors\Lambda & Functors.cpp(132,30): message : With the following template arguments:
C:\Users\ahmadov_m\Desktop\CODE\FBES_1_23_7_ru\С++ OOP\Lambda & Functors\Lambda & Functors\Lambda & Functors.cpp(132,30): message : '_Rng1=std::_Vector_iterator<std::_Vector_val<std::_Simple_types<_Ty>>>'
C:\Users\ahmadov_m\Desktop\CODE\FBES_1_23_7_ru\С++ OOP\Lambda & Functors\Lambda & Functors\Lambda & Functors.cpp(132,30): message : '_Rng2=std::_Vector_iterator<std::_Vector_val<std::_Simple_types<_Ty>>>'
C:\Users\ahmadov_m\Desktop\CODE\FBES_1_23_7_ru\С++ OOP\Lambda & Functors\Lambda & Functors\Lambda & Functors.cpp(132,30): message : '_Pr=std::boyer_moore_searcher (__cdecl *)(void)'
C:\Users\ahmadov_m\Desktop\CODE\FBES_1_23_7_ru\С++ OOP\Lambda & Functors\Lambda & Functors\Lambda & Functors.cpp(132,30): message : '_Pj1=std::identity'
C:\Users\ahmadov_m\Desktop\CODE\FBES_1_23_7_ru\С++ OOP\Lambda & Functors\Lambda & Functors\Lambda & Functors.cpp(132,30): message : '_Pj2=std::identity'
